[debug] [2022-07-13T23:27:10.252Z] ----------------------------------------------------------------------
[debug] [2022-07-13T23:27:10.254Z] Command:       C:\Program Files\nodejs\node.exe C:\Users\Jhonny\AppData\Roaming\npm\node_modules\firebase-tools\lib\bin\firebase.js init
[debug] [2022-07-13T23:27:10.254Z] CLI Version:   11.2.2
[debug] [2022-07-13T23:27:10.254Z] Platform:      win32
[debug] [2022-07-13T23:27:10.254Z] Node Version:  v16.14.0
[debug] [2022-07-13T23:27:10.255Z] Time:          Wed Jul 13 2022 18:27:10 GMT-0500 (hora estándar de Perú)
[debug] [2022-07-13T23:27:10.255Z] ----------------------------------------------------------------------
[debug] 
[debug] [2022-07-13T23:27:10.308Z] > command requires scopes: ["email","openid","https://www.googleapis.com/auth/cloudplatformprojects.readonly","https://www.googleapis.com/auth/firebase","https://www.googleapis.com/auth/cloud-platform"]
[debug] [2022-07-13T23:27:10.309Z] > authorizing via signed-in user (luis.j.cueva@gmail.com)
[info] 
     ######## #### ########  ######## ########     ###     ######  ########
     ##        ##  ##     ## ##       ##     ##  ##   ##  ##       ##
     ######    ##  ########  ######   ########  #########  ######  ######
     ##        ##  ##    ##  ##       ##     ## ##     ##       ## ##
     ##       #### ##     ## ######## ########  ##     ##  ######  ########

You're about to initialize a Firebase project in this directory:

  D:\Cursos\Proyectos\appwebmina

Before we get started, keep in mind:

  * You are initializing within an existing Firebase project directory

